d:\ahboy's misc\raylib\convex-hull\bin\intermediates\x64\debug\vc143.pdb
d:\ahboy's misc\raylib\convex-hull\bin\intermediates\x64\debug\vc143.idb
d:\ahboy's misc\raylib\convex-hull\bin\intermediates\x64\debug\main.obj
d:\ahboy's misc\raylib\convex-hull\bin\intermediates\x64\debug\application.obj
d:\ahboy's misc\raylib\convex-hull\bin\intermediates\x64\debug\scenech2d.obj
d:\ahboy's misc\raylib\convex-hull\bin\intermediates\x64\debug\scenemanager.obj
d:\ahboy's misc\raylib\convex-hull\bin\x64\debug\convex-hull.pdb
d:\ahboy's misc\raylib\convex-hull\bin\intermediates\x64\debug\convex-hull.vcxproj.filelistabsolute.txt
d:\ahboy's misc\raylib\convex-hull\bin\intermediates\x64\debug\convex-hull.tlog\cl.command.1.tlog
d:\ahboy's misc\raylib\convex-hull\bin\intermediates\x64\debug\convex-hull.tlog\cl.read.1.tlog
d:\ahboy's misc\raylib\convex-hull\bin\intermediates\x64\debug\convex-hull.tlog\cl.write.1.tlog
d:\ahboy's misc\raylib\convex-hull\bin\intermediates\x64\debug\convex-hull.tlog\link-cvtres.read.1.tlog
d:\ahboy's misc\raylib\convex-hull\bin\intermediates\x64\debug\convex-hull.tlog\link-cvtres.write.1.tlog
d:\ahboy's misc\raylib\convex-hull\bin\intermediates\x64\debug\convex-hull.tlog\link-rc.read.1.tlog
d:\ahboy's misc\raylib\convex-hull\bin\intermediates\x64\debug\convex-hull.tlog\link-rc.write.1.tlog
d:\ahboy's misc\raylib\convex-hull\bin\intermediates\x64\debug\convex-hull.tlog\link.18736-cvtres.read.1.tlog
d:\ahboy's misc\raylib\convex-hull\bin\intermediates\x64\debug\convex-hull.tlog\link.18736-cvtres.write.1.tlog
d:\ahboy's misc\raylib\convex-hull\bin\intermediates\x64\debug\convex-hull.tlog\link.18736-rc.read.1.tlog
d:\ahboy's misc\raylib\convex-hull\bin\intermediates\x64\debug\convex-hull.tlog\link.18736-rc.write.1.tlog
d:\ahboy's misc\raylib\convex-hull\bin\intermediates\x64\debug\convex-hull.tlog\link.18736.read.1.tlog
d:\ahboy's misc\raylib\convex-hull\bin\intermediates\x64\debug\convex-hull.tlog\link.18736.read.2.tlog
d:\ahboy's misc\raylib\convex-hull\bin\intermediates\x64\debug\convex-hull.tlog\link.18736.write.1.tlog
d:\ahboy's misc\raylib\convex-hull\bin\intermediates\x64\debug\convex-hull.tlog\link.command.1.tlog
d:\ahboy's misc\raylib\convex-hull\bin\intermediates\x64\debug\convex-hull.tlog\link.read.1.tlog
d:\ahboy's misc\raylib\convex-hull\bin\intermediates\x64\debug\convex-hull.tlog\link.read.2.tlog
d:\ahboy's misc\raylib\convex-hull\bin\intermediates\x64\debug\convex-hull.tlog\link.write.1.tlog
