  Application.cpp
D:\Ahboy's Misc\Raylib\Convex-Hull\Convex-Hull\external\raylib\src\extras\raygui.h(2352,52): warning C4244: '+=': conversion from 'float' to 'int', possible loss of data
D:\Ahboy's Misc\Raylib\Convex-Hull\Convex-Hull\external\raylib\src\extras\raygui.h(2385,48): warning C4244: '+=': conversion from 'float' to 'int', possible loss of data
D:\Ahboy's Misc\Raylib\Convex-Hull\Convex-Hull\external\raylib\src\extras\raygui.h(3059,87): warning C4244: 'argument': conversion from 'float' to 'int', possible loss of data
D:\Ahboy's Misc\Raylib\Convex-Hull\Convex-Hull\external\raylib\src\extras\raygui.h(3060,105): warning C4244: 'argument': conversion from 'float' to 'int', possible loss of data
D:\Ahboy's Misc\Raylib\Convex-Hull\Convex-Hull\external\raylib\src\extras\raygui.h(3061,109): warning C4244: 'argument': conversion from 'float' to 'int', possible loss of data
D:\Ahboy's Misc\Raylib\Convex-Hull\Convex-Hull\external\raylib\src\extras\raygui.h(3062,109): warning C4244: 'argument': conversion from 'float' to 'int', possible loss of data
D:\Ahboy's Misc\Raylib\Convex-Hull\Convex-Hull\external\raylib\src\extras\raygui.h(3063,109): warning C4244: 'argument': conversion from 'float' to 'int', possible loss of data
D:\Ahboy's Misc\Raylib\Convex-Hull\Convex-Hull\src\IAnimFrame.h(23,21): warning C4244: 'argument': conversion from 'const T' to 'int', possible loss of data
          with
          [
              T=float
          ]
D:\Ahboy's Misc\Raylib\Convex-Hull\Convex-Hull\src\IAnimFrame.h(23,16): warning C4244: 'argument': conversion from 'const T' to 'int', possible loss of data
          with
          [
              T=float
          ]
D:\Ahboy's Misc\Raylib\Convex-Hull\Convex-Hull\src\Utils.h(19,11): warning C4244: 'initializing': conversion from 'T' to 'int', possible loss of data
          with
          [
              T=float
          ]
D:\Ahboy's Misc\Raylib\Convex-Hull\Convex-Hull\src\Application.cpp(32,55): warning C4244: 'initializing': conversion from 'float' to 'int', possible loss of data
D:\Ahboy's Misc\Raylib\Convex-Hull\Convex-Hull\src\Application.cpp(32,17): warning C4244: 'initializing': conversion from 'float' to 'const int', possible loss of data
D:\Ahboy's Misc\Raylib\Convex-Hull\Convex-Hull\src\Application.cpp(33,48): warning C4244: 'initializing': conversion from 'float' to 'int', possible loss of data
D:\Ahboy's Misc\Raylib\Convex-Hull\Convex-Hull\src\Application.cpp(33,17): warning C4244: 'initializing': conversion from 'float' to 'const int', possible loss of data
D:\Ahboy's Misc\Raylib\Convex-Hull\Convex-Hull\src\Application.cpp(34,35): warning C4244: 'argument': conversion from 'const int' to 'float', possible loss of data
D:\Ahboy's Misc\Raylib\Convex-Hull\Convex-Hull\src\Application.cpp(34,29): warning C4244: 'argument': conversion from 'const int' to 'float', possible loss of data
D:\Ahboy's Misc\Raylib\Convex-Hull\Convex-Hull\src\Application.cpp(81,11): warning C4244: 'argument': conversion from 'int' to 'float', possible loss of data
D:\Ahboy's Misc\Raylib\Convex-Hull\Convex-Hull\src\Application.cpp(79,28): warning C4244: '=': conversion from 'float' to 'int', possible loss of data
D:\Ahboy's Misc\Raylib\Convex-Hull\Convex-Hull\src\Application.cpp(110,23): warning C4244: 'argument': conversion from 'float' to 'int', possible loss of data
D:\Ahboy's Misc\Raylib\Convex-Hull\Convex-Hull\src\Application.cpp(109,23): warning C4244: 'argument': conversion from 'float' to 'int', possible loss of data
D:\Ahboy's Misc\Raylib\Convex-Hull\Convex-Hull\src\Application.cpp(117,31): warning C4244: 'argument': conversion from 'float' to 'int', possible loss of data
D:\Ahboy's Misc\Raylib\Convex-Hull\Convex-Hull\src\Application.cpp(116,30): warning C4244: 'argument': conversion from 'float' to 'int', possible loss of data
D:\Ahboy's Misc\Raylib\Convex-Hull\Convex-Hull\src\Application.cpp(115,26): warning C4244: 'argument': conversion from 'float' to 'int', possible loss of data
D:\Ahboy's Misc\Raylib\Convex-Hull\Convex-Hull\src\Application.cpp(114,26): warning C4244: 'argument': conversion from 'float' to 'int', possible loss of data
C:\Program Files\Microsoft Visual Studio\2022\Community\VC\Tools\MSVC\14.31.31103\include\xutility(149,77): warning C4244: 'argument': conversion from 'const float' to 'const int', possible loss of data
C:\Program Files\Microsoft Visual Studio\2022\Community\VC\Tools\MSVC\14.31.31103\include\memory(2006): message : see reference to function template instantiation 'void std::_Construct_in_place<_Ty,std::shared_ptr<SceneManager>&,const char(&)[10],const float&,const float&>(_Ty &,std::shared_ptr<SceneManager> &,const char (&)[10],const float &,const float &) noexcept(false)' being compiled
          with
          [
              _Ty=SceneCH2D
          ]
C:\Program Files\Microsoft Visual Studio\2022\Community\VC\Tools\MSVC\14.31.31103\include\memory(2725): message : see reference to function template instantiation 'std::_Ref_count_obj2<_Ty>::_Ref_count_obj2<std::shared_ptr<SceneManager>&,const char(&)[10],const float&,const float&>(std::shared_ptr<SceneManager> &,const char (&)[10],const float &,const float &)' being compiled
          with
          [
              _Ty=SceneCH2D
          ]
C:\Program Files\Microsoft Visual Studio\2022\Community\VC\Tools\MSVC\14.31.31103\include\memory(2726): message : see reference to function template instantiation 'std::_Ref_count_obj2<_Ty>::_Ref_count_obj2<std::shared_ptr<SceneManager>&,const char(&)[10],const float&,const float&>(std::shared_ptr<SceneManager> &,const char (&)[10],const float &,const float &)' being compiled
          with
          [
              _Ty=SceneCH2D
          ]
D:\Ahboy's Misc\Raylib\Convex-Hull\Convex-Hull\src\Application.cpp(44): message : see reference to function template instantiation 'std::shared_ptr<SceneCH2D> std::make_shared<SceneCH2D,std::shared_ptr<SceneManager>&,const char(&)[10],const float&,const float&>(std::shared_ptr<SceneManager> &,const char (&)[10],const float &,const float &)' being compiled
  Main.cpp
  Generating Code...
  Convex-Hull.vcxproj -> D:\Ahboy's Misc\Raylib\Convex-Hull\bin\x64\Debug\Convex-Hull.exe
