  SceneManager.cpp
  SceneCH2D.cpp
D:\Ahboy's Misc\Raylib\Convex-Hull\Convex-Hull\src\Utils.h(19,11): warning C4244: 'initializing': conversion from 'T' to 'int', possible loss of data
          with
          [
              T=float
          ]
D:\Ahboy's Misc\Raylib\Convex-Hull\Convex-Hull\src\Convex-Hull\JarvisMarch2D.h(20,30): warning C4244: 'argument': conversion from 'const T' to 'int', possible loss of data
          with
          [
              T=float
          ]
D:\Ahboy's Misc\Raylib\Convex-Hull\Convex-Hull\src\Convex-Hull\JarvisMarch2D.h(20,25): warning C4244: 'argument': conversion from 'const T' to 'int', possible loss of data
          with
          [
              T=float
          ]
D:\Ahboy's Misc\Raylib\Convex-Hull\Convex-Hull\src\Convex-Hull\JarvisMarch2D.h(24,32): warning C4244: 'argument': conversion from 'const T' to 'int', possible loss of data
          with
          [
              T=float
          ]
D:\Ahboy's Misc\Raylib\Convex-Hull\Convex-Hull\src\Convex-Hull\JarvisMarch2D.h(24,24): warning C4244: 'argument': conversion from 'const T' to 'int', possible loss of data
          with
          [
              T=float
          ]
D:\Ahboy's Misc\Raylib\Convex-Hull\Convex-Hull\src\Convex-Hull\JarvisMarch2D.h(25,30): warning C4244: 'argument': conversion from 'const T' to 'int', possible loss of data
          with
          [
              T=float
          ]
D:\Ahboy's Misc\Raylib\Convex-Hull\Convex-Hull\src\Convex-Hull\JarvisMarch2D.h(25,23): warning C4244: 'argument': conversion from 'const T' to 'int', possible loss of data
          with
          [
              T=float
          ]
D:\Ahboy's Misc\Raylib\Convex-Hull\Convex-Hull\src\Convex-Hull\JarvisMarch2D.h(44,46): warning C4244: 'argument': conversion from 'const T' to 'int', possible loss of data
          with
          [
              T=float
          ]
D:\Ahboy's Misc\Raylib\Convex-Hull\Convex-Hull\src\Convex-Hull\JarvisMarch2D.h(44,38): warning C4244: 'argument': conversion from 'const T' to 'int', possible loss of data
          with
          [
              T=float
          ]
D:\Ahboy's Misc\Raylib\Convex-Hull\Convex-Hull\src\Convex-Hull\JarvisMarch2D.h(44,30): warning C4244: 'argument': conversion from 'const T' to 'int', possible loss of data
          with
          [
              T=float
          ]
D:\Ahboy's Misc\Raylib\Convex-Hull\Convex-Hull\src\Convex-Hull\JarvisMarch2D.h(44,22): warning C4244: 'argument': conversion from 'const T' to 'int', possible loss of data
          with
          [
              T=float
          ]
D:\Ahboy's Misc\Raylib\Convex-Hull\Convex-Hull\src\Convex-Hull\JarvisMarch2D.h(45,46): warning C4244: 'argument': conversion from 'const T' to 'int', possible loss of data
          with
          [
              T=float
          ]
D:\Ahboy's Misc\Raylib\Convex-Hull\Convex-Hull\src\Convex-Hull\JarvisMarch2D.h(45,38): warning C4244: 'argument': conversion from 'const T' to 'int', possible loss of data
          with
          [
              T=float
          ]
D:\Ahboy's Misc\Raylib\Convex-Hull\Convex-Hull\src\Convex-Hull\JarvisMarch2D.h(45,30): warning C4244: 'argument': conversion from 'const T' to 'int', possible loss of data
          with
          [
              T=float
          ]
D:\Ahboy's Misc\Raylib\Convex-Hull\Convex-Hull\src\Convex-Hull\JarvisMarch2D.h(45,22): warning C4244: 'argument': conversion from 'const T' to 'int', possible loss of data
          with
          [
              T=float
          ]
D:\Ahboy's Misc\Raylib\Convex-Hull\Convex-Hull\src\Convex-Hull\JarvisMarch2D.h(52,42): warning C4244: 'argument': conversion from 'const T' to 'int', possible loss of data
          with
          [
              T=float
          ]
D:\Ahboy's Misc\Raylib\Convex-Hull\Convex-Hull\src\Convex-Hull\JarvisMarch2D.h(52,36): warning C4244: 'argument': conversion from 'const T' to 'int', possible loss of data
          with
          [
              T=float
          ]
D:\Ahboy's Misc\Raylib\Convex-Hull\Convex-Hull\src\Convex-Hull\JarvisMarch2D.h(52,30): warning C4244: 'argument': conversion from 'const T' to 'int', possible loss of data
          with
          [
              T=float
          ]
D:\Ahboy's Misc\Raylib\Convex-Hull\Convex-Hull\src\Convex-Hull\JarvisMarch2D.h(52,24): warning C4244: 'argument': conversion from 'const T' to 'int', possible loss of data
          with
          [
              T=float
          ]
D:\Ahboy's Misc\Raylib\Convex-Hull\Convex-Hull\src\Convex-Hull\JarvisMarch2D.h(56,30): warning C4244: 'argument': conversion from 'const T' to 'int', possible loss of data
          with
          [
              T=float
          ]
D:\Ahboy's Misc\Raylib\Convex-Hull\Convex-Hull\src\Convex-Hull\JarvisMarch2D.h(56,25): warning C4244: 'argument': conversion from 'const T' to 'int', possible loss of data
          with
          [
              T=float
          ]
D:\Ahboy's Misc\Raylib\Convex-Hull\Convex-Hull\src\Scenes\SceneCH2D.cpp(53,33): warning C4244: 'argument': conversion from 'const T' to 'int', possible loss of data
          with
          [
              T=float
          ]
D:\Ahboy's Misc\Raylib\Convex-Hull\Convex-Hull\src\Scenes\SceneCH2D.cpp(53,27): warning C4244: 'argument': conversion from 'const T' to 'int', possible loss of data
          with
          [
              T=float
          ]
D:\Ahboy's Misc\Raylib\Convex-Hull\Convex-Hull\src\Scenes\SceneCH2D.cpp(53,21): warning C4244: 'argument': conversion from 'const T' to 'int', possible loss of data
          with
          [
              T=float
          ]
D:\Ahboy's Misc\Raylib\Convex-Hull\Convex-Hull\src\Scenes\SceneCH2D.cpp(53,15): warning C4244: 'argument': conversion from 'const T' to 'int', possible loss of data
          with
          [
              T=float
          ]
D:\Ahboy's Misc\Raylib\Convex-Hull\Convex-Hull\src\Scenes\SceneCH2D.cpp(57,21): warning C4244: 'argument': conversion from 'const T' to 'int', possible loss of data
          with
          [
              T=float
          ]
D:\Ahboy's Misc\Raylib\Convex-Hull\Convex-Hull\src\Scenes\SceneCH2D.cpp(57,16): warning C4244: 'argument': conversion from 'const T' to 'int', possible loss of data
          with
          [
              T=float
          ]
D:\Ahboy's Misc\Raylib\Convex-Hull\Convex-Hull\src\Scenes\SceneCH2D.cpp(71,21): warning C4244: 'argument': conversion from 'const T' to 'int', possible loss of data
          with
          [
              T=float
          ]
D:\Ahboy's Misc\Raylib\Convex-Hull\Convex-Hull\src\Scenes\SceneCH2D.cpp(71,16): warning C4244: 'argument': conversion from 'const T' to 'int', possible loss of data
          with
          [
              T=float
          ]
C:\Program Files\Microsoft Visual Studio\2022\Community\VC\Tools\MSVC\14.31.31103\include\xutility(142,1): warning C4267: 'argument': conversion from 'size_t' to 'const int', possible loss of data
C:\Program Files\Microsoft Visual Studio\2022\Community\VC\Tools\MSVC\14.31.31103\include\memory(2006): message : see reference to function template instantiation 'void std::_Construct_in_place<_Ty,int&,int&,int&,unsigned __int64>(_Ty &,int &,int &,int &,unsigned __int64 &&) noexcept(false)' being compiled
          with
          [
              _Ty=JmCompareAngle2D
          ]
C:\Program Files\Microsoft Visual Studio\2022\Community\VC\Tools\MSVC\14.31.31103\include\memory(2725): message : see reference to function template instantiation 'std::_Ref_count_obj2<_Ty>::_Ref_count_obj2<int&,int&,int&,unsigned __int64>(int &,int &,int &,unsigned __int64 &&)' being compiled
          with
          [
              _Ty=JmCompareAngle2D
          ]
C:\Program Files\Microsoft Visual Studio\2022\Community\VC\Tools\MSVC\14.31.31103\include\memory(2726): message : see reference to function template instantiation 'std::_Ref_count_obj2<_Ty>::_Ref_count_obj2<int&,int&,int&,unsigned __int64>(int &,int &,int &,unsigned __int64 &&)' being compiled
          with
          [
              _Ty=JmCompareAngle2D
          ]
D:\Ahboy's Misc\Raylib\Convex-Hull\Convex-Hull\src\Convex-Hull\JarvisMarch2D.h(83): message : see reference to function template instantiation 'std::shared_ptr<JmCompareAngle2D> std::make_shared<JmCompareAngle2D,int&,int&,int&,unsigned __int64>(int &,int &,int &,unsigned __int64 &&)' being compiled
  Application.cpp
D:\Ahboy's Misc\Raylib\Convex-Hull\Convex-Hull\external\raylib\src\extras\raygui.h(2352,52): warning C4244: '+=': conversion from 'float' to 'int', possible loss of data
D:\Ahboy's Misc\Raylib\Convex-Hull\Convex-Hull\external\raylib\src\extras\raygui.h(2385,48): warning C4244: '+=': conversion from 'float' to 'int', possible loss of data
D:\Ahboy's Misc\Raylib\Convex-Hull\Convex-Hull\external\raylib\src\extras\raygui.h(3059,87): warning C4244: 'argument': conversion from 'float' to 'int', possible loss of data
D:\Ahboy's Misc\Raylib\Convex-Hull\Convex-Hull\external\raylib\src\extras\raygui.h(3060,105): warning C4244: 'argument': conversion from 'float' to 'int', possible loss of data
D:\Ahboy's Misc\Raylib\Convex-Hull\Convex-Hull\external\raylib\src\extras\raygui.h(3061,109): warning C4244: 'argument': conversion from 'float' to 'int', possible loss of data
D:\Ahboy's Misc\Raylib\Convex-Hull\Convex-Hull\external\raylib\src\extras\raygui.h(3062,109): warning C4244: 'argument': conversion from 'float' to 'int', possible loss of data
D:\Ahboy's Misc\Raylib\Convex-Hull\Convex-Hull\external\raylib\src\extras\raygui.h(3063,109): warning C4244: 'argument': conversion from 'float' to 'int', possible loss of data
D:\Ahboy's Misc\Raylib\Convex-Hull\Convex-Hull\src\Utils.h(19,11): warning C4244: 'initializing': conversion from 'T' to 'int', possible loss of data
          with
          [
              T=float
          ]
D:\Ahboy's Misc\Raylib\Convex-Hull\Convex-Hull\src\Application.cpp(32,55): warning C4244: 'initializing': conversion from 'float' to 'int', possible loss of data
D:\Ahboy's Misc\Raylib\Convex-Hull\Convex-Hull\src\Application.cpp(32,17): warning C4244: 'initializing': conversion from 'float' to 'const int', possible loss of data
D:\Ahboy's Misc\Raylib\Convex-Hull\Convex-Hull\src\Application.cpp(33,48): warning C4244: 'initializing': conversion from 'float' to 'int', possible loss of data
D:\Ahboy's Misc\Raylib\Convex-Hull\Convex-Hull\src\Application.cpp(33,17): warning C4244: 'initializing': conversion from 'float' to 'const int', possible loss of data
D:\Ahboy's Misc\Raylib\Convex-Hull\Convex-Hull\src\Application.cpp(34,35): warning C4244: 'argument': conversion from 'const int' to 'float', possible loss of data
D:\Ahboy's Misc\Raylib\Convex-Hull\Convex-Hull\src\Application.cpp(34,29): warning C4244: 'argument': conversion from 'const int' to 'float', possible loss of data
D:\Ahboy's Misc\Raylib\Convex-Hull\Convex-Hull\src\Application.cpp(81,11): warning C4244: 'argument': conversion from 'int' to 'float', possible loss of data
D:\Ahboy's Misc\Raylib\Convex-Hull\Convex-Hull\src\Application.cpp(79,28): warning C4244: '=': conversion from 'float' to 'int', possible loss of data
D:\Ahboy's Misc\Raylib\Convex-Hull\Convex-Hull\src\Application.cpp(110,23): warning C4244: 'argument': conversion from 'float' to 'int', possible loss of data
D:\Ahboy's Misc\Raylib\Convex-Hull\Convex-Hull\src\Application.cpp(109,23): warning C4244: 'argument': conversion from 'float' to 'int', possible loss of data
D:\Ahboy's Misc\Raylib\Convex-Hull\Convex-Hull\src\Application.cpp(117,31): warning C4244: 'argument': conversion from 'float' to 'int', possible loss of data
D:\Ahboy's Misc\Raylib\Convex-Hull\Convex-Hull\src\Application.cpp(116,30): warning C4244: 'argument': conversion from 'float' to 'int', possible loss of data
D:\Ahboy's Misc\Raylib\Convex-Hull\Convex-Hull\src\Application.cpp(115,26): warning C4244: 'argument': conversion from 'float' to 'int', possible loss of data
D:\Ahboy's Misc\Raylib\Convex-Hull\Convex-Hull\src\Application.cpp(114,26): warning C4244: 'argument': conversion from 'float' to 'int', possible loss of data
C:\Program Files\Microsoft Visual Studio\2022\Community\VC\Tools\MSVC\14.31.31103\include\xutility(149,77): warning C4244: 'argument': conversion from 'const float' to 'const int', possible loss of data
C:\Program Files\Microsoft Visual Studio\2022\Community\VC\Tools\MSVC\14.31.31103\include\memory(2006): message : see reference to function template instantiation 'void std::_Construct_in_place<_Ty,std::shared_ptr<SceneManager>&,const char(&)[10],const float&,const float&>(_Ty &,std::shared_ptr<SceneManager> &,const char (&)[10],const float &,const float &) noexcept(false)' being compiled
          with
          [
              _Ty=SceneCH2D
          ]
C:\Program Files\Microsoft Visual Studio\2022\Community\VC\Tools\MSVC\14.31.31103\include\memory(2725): message : see reference to function template instantiation 'std::_Ref_count_obj2<_Ty>::_Ref_count_obj2<std::shared_ptr<SceneManager>&,const char(&)[10],const float&,const float&>(std::shared_ptr<SceneManager> &,const char (&)[10],const float &,const float &)' being compiled
          with
          [
              _Ty=SceneCH2D
          ]
C:\Program Files\Microsoft Visual Studio\2022\Community\VC\Tools\MSVC\14.31.31103\include\memory(2726): message : see reference to function template instantiation 'std::_Ref_count_obj2<_Ty>::_Ref_count_obj2<std::shared_ptr<SceneManager>&,const char(&)[10],const float&,const float&>(std::shared_ptr<SceneManager> &,const char (&)[10],const float &,const float &)' being compiled
          with
          [
              _Ty=SceneCH2D
          ]
D:\Ahboy's Misc\Raylib\Convex-Hull\Convex-Hull\src\Application.cpp(44): message : see reference to function template instantiation 'std::shared_ptr<SceneCH2D> std::make_shared<SceneCH2D,std::shared_ptr<SceneManager>&,const char(&)[10],const float&,const float&>(std::shared_ptr<SceneManager> &,const char (&)[10],const float &,const float &)' being compiled
  Main.cpp
  Generating code
  Previous IPDB not found, fall back to full compilation.
  All 925 functions were compiled because no usable IPDB/IOBJ from previous compilation was found.
  Finished generating code
  Convex-Hull.vcxproj -> D:\Ahboy's Misc\Raylib\Convex-Hull\bin\x64\Release\Convex-Hull.exe
